[2017-06-03 18:33:22] local.ERROR: exception 'Symfony\Component\Console\Exception\CommandNotFoundException' with message 'Command "migration" is not defined.

Did you mean one of these?
    make:migration
    migrate
    migrate:install
    migrate:refresh
    migrate:reset
    migrate:rollback
    migrate:status' in D:\xampp\htdocs\startup\vendor\symfony\console\Application.php:579
Stack trace:
#0 D:\xampp\htdocs\startup\vendor\symfony\console\Application.php(204): Symfony\Component\Console\Application->find('migration')
#1 D:\xampp\htdocs\startup\vendor\symfony\console\Application.php(130): Symfony\Component\Console\Application->doRun(Object(Symfony\Component\Console\Input\ArgvInput), Object(Symfony\Component\Console\Output\ConsoleOutput))
#2 D:\xampp\htdocs\startup\vendor\laravel\framework\src\Illuminate\Foundation\Console\Kernel.php(122): Symfony\Component\Console\Application->run(Object(Symfony\Component\Console\Input\ArgvInput), Object(Symfony\Component\Console\Output\ConsoleOutput))
#3 D:\xampp\htdocs\startup\artisan(36): Illuminate\Foundation\Console\Kernel->handle(Object(Symfony\Component\Console\Input\ArgvInput), Object(Symfony\Component\Console\Output\ConsoleOutput))
#4 {main}  
[2017-06-03 18:33:38] local.ERROR: exception 'PDOException' with message 'SQLSTATE[42000]: Syntax error or access violation: 1071 Specified key was too long; max key length is 767 bytes' in D:\xampp\htdocs\startup\vendor\laravel\framework\src\Illuminate\Database\Connection.php:449
Stack trace:
#0 D:\xampp\htdocs\startup\vendor\laravel\framework\src\Illuminate\Database\Connection.php(449): PDOStatement->execute()
#1 D:\xampp\htdocs\startup\vendor\laravel\framework\src\Illuminate\Database\Connection.php(640): Illuminate\Database\Connection->Illuminate\Database\{closure}('alter table `us...', Array)
#2 D:\xampp\htdocs\startup\vendor\laravel\framework\src\Illuminate\Database\Connection.php(607): Illuminate\Database\Connection->runQueryCallback('alter table `us...', Array, Object(Closure))
#3 D:\xampp\htdocs\startup\vendor\laravel\framework\src\Illuminate\Database\Connection.php(450): Illuminate\Database\Connection->run('alter table `us...', Array, Object(Closure))
#4 D:\xampp\htdocs\startup\vendor\laravel\framework\src\Illuminate\Database\Schema\Blueprint.php(83): Illuminate\Database\Connection->statement('alter table `us...')
#5 D:\xampp\htdocs\startup\vendor\laravel\framework\src\Illuminate\Database\Schema\Builder.php(239): Illuminate\Database\Schema\Blueprint->build(Object(Illuminate\Database\MySqlConnection), Object(Illuminate\Database\Schema\Grammars\MySqlGrammar))
#6 D:\xampp\htdocs\startup\vendor\laravel\framework\src\Illuminate\Database\Schema\Builder.php(164): Illuminate\Database\Schema\Builder->build(Object(Illuminate\Database\Schema\Blueprint))
#7 D:\xampp\htdocs\startup\vendor\laravel\framework\src\Illuminate\Support\Facades\Facade.php(221): Illuminate\Database\Schema\Builder->create('users', Object(Closure))
#8 D:\xampp\htdocs\startup\database\migrations\2014_10_12_000000_create_users_table.php(23): Illuminate\Support\Facades\Facade::__callStatic('create', Array)
#9 D:\xampp\htdocs\startup\database\migrations\2014_10_12_000000_create_users_table.php(23): Illuminate\Support\Facades\Schema::create('users', Object(Closure))
#10 D:\xampp\htdocs\startup\vendor\laravel\framework\src\Illuminate\Database\Migrations\Migrator.php(353): CreateUsersTable->up()
#11 D:\xampp\htdocs\startup\vendor\laravel\framework\src\Illuminate\Database\Migrations\Migrator.php(359): Illuminate\Database\Migrations\Migrator->Illuminate\Database\Migrations\{closure}()
#12 D:\xampp\htdocs\startup\vendor\laravel\framework\src\Illuminate\Database\Migrations\Migrator.php(177): Illuminate\Database\Migrations\Migrator->runMigration(Object(CreateUsersTable), 'up')
#13 D:\xampp\htdocs\startup\vendor\laravel\framework\src\Illuminate\Database\Migrations\Migrator.php(146): Illuminate\Database\Migrations\Migrator->runUp('D:\\xampp\\htdocs...', 1, false)
#14 D:\xampp\htdocs\startup\vendor\laravel\framework\src\Illuminate\Database\Migrations\Migrator.php(95): Illuminate\Database\Migrations\Migrator->runPending(Array, Array)
#15 D:\xampp\htdocs\startup\vendor\laravel\framework\src\Illuminate\Database\Console\Migrations\MigrateCommand.php(70): Illuminate\Database\Migrations\Migrator->run(Array, Array)
#16 [internal function]: Illuminate\Database\Console\Migrations\MigrateCommand->fire()
#17 D:\xampp\htdocs\startup\vendor\laravel\framework\src\Illuminate\Container\BoundMethod.php(30): call_user_func_array(Array, Array)
#18 D:\xampp\htdocs\startup\vendor\laravel\framework\src\Illuminate\Container\BoundMethod.php(87): Illuminate\Container\BoundMethod::Illuminate\Container\{closure}()
#19 D:\xampp\htdocs\startup\vendor\laravel\framework\src\Illuminate\Container\BoundMethod.php(31): Illuminate\Container\BoundMethod::callBoundMethod(Object(Illuminate\Foundation\Application), Array, Object(Closure))
#20 D:\xampp\htdocs\startup\vendor\laravel\framework\src\Illuminate\Container\Container.php(539): Illuminate\Container\BoundMethod::call(Object(Illuminate\Foundation\Application), Array, Array, NULL)
#21 D:\xampp\htdocs\startup\vendor\laravel\framework\src\Illuminate\Console\Command.php(182): Illuminate\Container\Container->call(Array)
#22 D:\xampp\htdocs\startup\vendor\symfony\console\Command\Command.php(264): Illuminate\Console\Command->execute(Object(Symfony\Component\Console\Input\ArgvInput), Object(Illuminate\Console\OutputStyle))
#23 D:\xampp\htdocs\startup\vendor\laravel\framework\src\Illuminate\Console\Command.php(168): Symfony\Component\Console\Command\Command->run(Object(Symfony\Component\Console\Input\ArgvInput), Object(Illuminate\Console\OutputStyle))
#24 D:\xampp\htdocs\startup\vendor\symfony\console\Application.php(869): Illuminate\Console\Command->run(Object(Symfony\Component\Console\Input\ArgvInput), Object(Symfony\Component\Console\Output\ConsoleOutput))
#25 D:\xampp\htdocs\startup\vendor\symfony\console\Application.php(223): Symfony\Component\Console\Application->doRunCommand(Object(Illuminate\Database\Console\Migrations\MigrateCommand), Object(Symfony\Component\Console\Input\ArgvInput), Object(Symfony\Component\Console\Output\ConsoleOutput))
#26 D:\xampp\htdocs\startup\vendor\symfony\console\Application.php(130): Symfony\Component\Console\Application->doRun(Object(Symfony\Component\Console\Input\ArgvInput), Object(Symfony\Component\Console\Output\ConsoleOutput))
#27 D:\xampp\htdocs\startup\vendor\laravel\framework\src\Illuminate\Foundation\Console\Kernel.php(122): Symfony\Component\Console\Application->run(Object(Symfony\Component\Console\Input\ArgvInput), Object(Symfony\Component\Console\Output\ConsoleOutput))
#28 D:\xampp\htdocs\startup\artisan(36): Illuminate\Foundation\Console\Kernel->handle(Object(Symfony\Component\Console\Input\ArgvInput), Object(Symfony\Component\Console\Output\ConsoleOutput))
#29 {main}

Next exception 'Illuminate\Database\QueryException' with message 'SQLSTATE[42000]: Syntax error or access violation: 1071 Specified key was too long; max key length is 767 bytes (SQL: alter table `users` add unique `users_email_unique`(`email`))' in D:\xampp\htdocs\startup\vendor\laravel\framework\src\Illuminate\Database\Connection.php:647
Stack trace:
#0 D:\xampp\htdocs\startup\vendor\laravel\framework\src\Illuminate\Database\Connection.php(607): Illuminate\Database\Connection->runQueryCallback('alter table `us...', Array, Object(Closure))
#1 D:\xampp\htdocs\startup\vendor\laravel\framework\src\Illuminate\Database\Connection.php(450): Illuminate\Database\Connection->run('alter table `us...', Array, Object(Closure))
#2 D:\xampp\htdocs\startup\vendor\laravel\framework\src\Illuminate\Database\Schema\Blueprint.php(83): Illuminate\Database\Connection->statement('alter table `us...')
#3 D:\xampp\htdocs\startup\vendor\laravel\framework\src\Illuminate\Database\Schema\Builder.php(239): Illuminate\Database\Schema\Blueprint->build(Object(Illuminate\Database\MySqlConnection), Object(Illuminate\Database\Schema\Grammars\MySqlGrammar))
#4 D:\xampp\htdocs\startup\vendor\laravel\framework\src\Illuminate\Database\Schema\Builder.php(164): Illuminate\Database\Schema\Builder->build(Object(Illuminate\Database\Schema\Blueprint))
#5 D:\xampp\htdocs\startup\vendor\laravel\framework\src\Illuminate\Support\Facades\Facade.php(221): Illuminate\Database\Schema\Builder->create('users', Object(Closure))
#6 D:\xampp\htdocs\startup\database\migrations\2014_10_12_000000_create_users_table.php(23): Illuminate\Support\Facades\Facade::__callStatic('create', Array)
#7 D:\xampp\htdocs\startup\database\migrations\2014_10_12_000000_create_users_table.php(23): Illuminate\Support\Facades\Schema::create('users', Object(Closure))
#8 D:\xampp\htdocs\startup\vendor\laravel\framework\src\Illuminate\Database\Migrations\Migrator.php(353): CreateUsersTable->up()
#9 D:\xampp\htdocs\startup\vendor\laravel\framework\src\Illuminate\Database\Migrations\Migrator.php(359): Illuminate\Database\Migrations\Migrator->Illuminate\Database\Migrations\{closure}()
#10 D:\xampp\htdocs\startup\vendor\laravel\framework\src\Illuminate\Database\Migrations\Migrator.php(177): Illuminate\Database\Migrations\Migrator->runMigration(Object(CreateUsersTable), 'up')
#11 D:\xampp\htdocs\startup\vendor\laravel\framework\src\Illuminate\Database\Migrations\Migrator.php(146): Illuminate\Database\Migrations\Migrator->runUp('D:\\xampp\\htdocs...', 1, false)
#12 D:\xampp\htdocs\startup\vendor\laravel\framework\src\Illuminate\Database\Migrations\Migrator.php(95): Illuminate\Database\Migrations\Migrator->runPending(Array, Array)
#13 D:\xampp\htdocs\startup\vendor\laravel\framework\src\Illuminate\Database\Console\Migrations\MigrateCommand.php(70): Illuminate\Database\Migrations\Migrator->run(Array, Array)
#14 [internal function]: Illuminate\Database\Console\Migrations\MigrateCommand->fire()
#15 D:\xampp\htdocs\startup\vendor\laravel\framework\src\Illuminate\Container\BoundMethod.php(30): call_user_func_array(Array, Array)
#16 D:\xampp\htdocs\startup\vendor\laravel\framework\src\Illuminate\Container\BoundMethod.php(87): Illuminate\Container\BoundMethod::Illuminate\Container\{closure}()
#17 D:\xampp\htdocs\startup\vendor\laravel\framework\src\Illuminate\Container\BoundMethod.php(31): Illuminate\Container\BoundMethod::callBoundMethod(Object(Illuminate\Foundation\Application), Array, Object(Closure))
#18 D:\xampp\htdocs\startup\vendor\laravel\framework\src\Illuminate\Container\Container.php(539): Illuminate\Container\BoundMethod::call(Object(Illuminate\Foundation\Application), Array, Array, NULL)
#19 D:\xampp\htdocs\startup\vendor\laravel\framework\src\Illuminate\Console\Command.php(182): Illuminate\Container\Container->call(Array)
#20 D:\xampp\htdocs\startup\vendor\symfony\console\Command\Command.php(264): Illuminate\Console\Command->execute(Object(Symfony\Component\Console\Input\ArgvInput), Object(Illuminate\Console\OutputStyle))
#21 D:\xampp\htdocs\startup\vendor\laravel\framework\src\Illuminate\Console\Command.php(168): Symfony\Component\Console\Command\Command->run(Object(Symfony\Component\Console\Input\ArgvInput), Object(Illuminate\Console\OutputStyle))
#22 D:\xampp\htdocs\startup\vendor\symfony\console\Application.php(869): Illuminate\Console\Command->run(Object(Symfony\Component\Console\Input\ArgvInput), Object(Symfony\Component\Console\Output\ConsoleOutput))
#23 D:\xampp\htdocs\startup\vendor\symfony\console\Application.php(223): Symfony\Component\Console\Application->doRunCommand(Object(Illuminate\Database\Console\Migrations\MigrateCommand), Object(Symfony\Component\Console\Input\ArgvInput), Object(Symfony\Component\Console\Output\ConsoleOutput))
#24 D:\xampp\htdocs\startup\vendor\symfony\console\Application.php(130): Symfony\Component\Console\Application->doRun(Object(Symfony\Component\Console\Input\ArgvInput), Object(Symfony\Component\Console\Output\ConsoleOutput))
#25 D:\xampp\htdocs\startup\vendor\laravel\framework\src\Illuminate\Foundation\Console\Kernel.php(122): Symfony\Component\Console\Application->run(Object(Symfony\Component\Console\Input\ArgvInput), Object(Symfony\Component\Console\Output\ConsoleOutput))
#26 D:\xampp\htdocs\startup\artisan(36): Illuminate\Foundation\Console\Kernel->handle(Object(Symfony\Component\Console\Input\ArgvInput), Object(Symfony\Component\Console\Output\ConsoleOutput))
#27 {main}  
[2017-06-03 18:34:53] local.ERROR: exception 'PDOException' with message 'SQLSTATE[42000]: Syntax error or access violation: 1071 Specified key was too long; max key length is 767 bytes' in D:\xampp\htdocs\startup\vendor\laravel\framework\src\Illuminate\Database\Connection.php:449
Stack trace:
#0 D:\xampp\htdocs\startup\vendor\laravel\framework\src\Illuminate\Database\Connection.php(449): PDOStatement->execute()
#1 D:\xampp\htdocs\startup\vendor\laravel\framework\src\Illuminate\Database\Connection.php(640): Illuminate\Database\Connection->Illuminate\Database\{closure}('alter table `us...', Array)
#2 D:\xampp\htdocs\startup\vendor\laravel\framework\src\Illuminate\Database\Connection.php(607): Illuminate\Database\Connection->runQueryCallback('alter table `us...', Array, Object(Closure))
#3 D:\xampp\htdocs\startup\vendor\laravel\framework\src\Illuminate\Database\Connection.php(450): Illuminate\Database\Connection->run('alter table `us...', Array, Object(Closure))
#4 D:\xampp\htdocs\startup\vendor\laravel\framework\src\Illuminate\Database\Schema\Blueprint.php(83): Illuminate\Database\Connection->statement('alter table `us...')
#5 D:\xampp\htdocs\startup\vendor\laravel\framework\src\Illuminate\Database\Schema\Builder.php(239): Illuminate\Database\Schema\Blueprint->build(Object(Illuminate\Database\MySqlConnection), Object(Illuminate\Database\Schema\Grammars\MySqlGrammar))
#6 D:\xampp\htdocs\startup\vendor\laravel\framework\src\Illuminate\Database\Schema\Builder.php(164): Illuminate\Database\Schema\Builder->build(Object(Illuminate\Database\Schema\Blueprint))
#7 D:\xampp\htdocs\startup\vendor\laravel\framework\src\Illuminate\Support\Facades\Facade.php(221): Illuminate\Database\Schema\Builder->create('users', Object(Closure))
#8 D:\xampp\htdocs\startup\database\migrations\2014_10_12_000000_create_users_table.php(23): Illuminate\Support\Facades\Facade::__callStatic('create', Array)
#9 D:\xampp\htdocs\startup\database\migrations\2014_10_12_000000_create_users_table.php(23): Illuminate\Support\Facades\Schema::create('users', Object(Closure))
#10 D:\xampp\htdocs\startup\vendor\laravel\framework\src\Illuminate\Database\Migrations\Migrator.php(353): CreateUsersTable->up()
#11 D:\xampp\htdocs\startup\vendor\laravel\framework\src\Illuminate\Database\Migrations\Migrator.php(359): Illuminate\Database\Migrations\Migrator->Illuminate\Database\Migrations\{closure}()
#12 D:\xampp\htdocs\startup\vendor\laravel\framework\src\Illuminate\Database\Migrations\Migrator.php(177): Illuminate\Database\Migrations\Migrator->runMigration(Object(CreateUsersTable), 'up')
#13 D:\xampp\htdocs\startup\vendor\laravel\framework\src\Illuminate\Database\Migrations\Migrator.php(146): Illuminate\Database\Migrations\Migrator->runUp('D:\\xampp\\htdocs...', 1, false)
#14 D:\xampp\htdocs\startup\vendor\laravel\framework\src\Illuminate\Database\Migrations\Migrator.php(95): Illuminate\Database\Migrations\Migrator->runPending(Array, Array)
#15 D:\xampp\htdocs\startup\vendor\laravel\framework\src\Illuminate\Database\Console\Migrations\MigrateCommand.php(70): Illuminate\Database\Migrations\Migrator->run(Array, Array)
#16 [internal function]: Illuminate\Database\Console\Migrations\MigrateCommand->fire()
#17 D:\xampp\htdocs\startup\vendor\laravel\framework\src\Illuminate\Container\BoundMethod.php(30): call_user_func_array(Array, Array)
#18 D:\xampp\htdocs\startup\vendor\laravel\framework\src\Illuminate\Container\BoundMethod.php(87): Illuminate\Container\BoundMethod::Illuminate\Container\{closure}()
#19 D:\xampp\htdocs\startup\vendor\laravel\framework\src\Illuminate\Container\BoundMethod.php(31): Illuminate\Container\BoundMethod::callBoundMethod(Object(Illuminate\Foundation\Application), Array, Object(Closure))
#20 D:\xampp\htdocs\startup\vendor\laravel\framework\src\Illuminate\Container\Container.php(539): Illuminate\Container\BoundMethod::call(Object(Illuminate\Foundation\Application), Array, Array, NULL)
#21 D:\xampp\htdocs\startup\vendor\laravel\framework\src\Illuminate\Console\Command.php(182): Illuminate\Container\Container->call(Array)
#22 D:\xampp\htdocs\startup\vendor\symfony\console\Command\Command.php(264): Illuminate\Console\Command->execute(Object(Symfony\Component\Console\Input\ArgvInput), Object(Illuminate\Console\OutputStyle))
#23 D:\xampp\htdocs\startup\vendor\laravel\framework\src\Illuminate\Console\Command.php(168): Symfony\Component\Console\Command\Command->run(Object(Symfony\Component\Console\Input\ArgvInput), Object(Illuminate\Console\OutputStyle))
#24 D:\xampp\htdocs\startup\vendor\symfony\console\Application.php(869): Illuminate\Console\Command->run(Object(Symfony\Component\Console\Input\ArgvInput), Object(Symfony\Component\Console\Output\ConsoleOutput))
#25 D:\xampp\htdocs\startup\vendor\symfony\console\Application.php(223): Symfony\Component\Console\Application->doRunCommand(Object(Illuminate\Database\Console\Migrations\MigrateCommand), Object(Symfony\Component\Console\Input\ArgvInput), Object(Symfony\Component\Console\Output\ConsoleOutput))
#26 D:\xampp\htdocs\startup\vendor\symfony\console\Application.php(130): Symfony\Component\Console\Application->doRun(Object(Symfony\Component\Console\Input\ArgvInput), Object(Symfony\Component\Console\Output\ConsoleOutput))
#27 D:\xampp\htdocs\startup\vendor\laravel\framework\src\Illuminate\Foundation\Console\Kernel.php(122): Symfony\Component\Console\Application->run(Object(Symfony\Component\Console\Input\ArgvInput), Object(Symfony\Component\Console\Output\ConsoleOutput))
#28 D:\xampp\htdocs\startup\artisan(36): Illuminate\Foundation\Console\Kernel->handle(Object(Symfony\Component\Console\Input\ArgvInput), Object(Symfony\Component\Console\Output\ConsoleOutput))
#29 {main}

Next exception 'Illuminate\Database\QueryException' with message 'SQLSTATE[42000]: Syntax error or access violation: 1071 Specified key was too long; max key length is 767 bytes (SQL: alter table `users` add unique `users_email_unique`(`email`))' in D:\xampp\htdocs\startup\vendor\laravel\framework\src\Illuminate\Database\Connection.php:647
Stack trace:
#0 D:\xampp\htdocs\startup\vendor\laravel\framework\src\Illuminate\Database\Connection.php(607): Illuminate\Database\Connection->runQueryCallback('alter table `us...', Array, Object(Closure))
#1 D:\xampp\htdocs\startup\vendor\laravel\framework\src\Illuminate\Database\Connection.php(450): Illuminate\Database\Connection->run('alter table `us...', Array, Object(Closure))
#2 D:\xampp\htdocs\startup\vendor\laravel\framework\src\Illuminate\Database\Schema\Blueprint.php(83): Illuminate\Database\Connection->statement('alter table `us...')
#3 D:\xampp\htdocs\startup\vendor\laravel\framework\src\Illuminate\Database\Schema\Builder.php(239): Illuminate\Database\Schema\Blueprint->build(Object(Illuminate\Database\MySqlConnection), Object(Illuminate\Database\Schema\Grammars\MySqlGrammar))
#4 D:\xampp\htdocs\startup\vendor\laravel\framework\src\Illuminate\Database\Schema\Builder.php(164): Illuminate\Database\Schema\Builder->build(Object(Illuminate\Database\Schema\Blueprint))
#5 D:\xampp\htdocs\startup\vendor\laravel\framework\src\Illuminate\Support\Facades\Facade.php(221): Illuminate\Database\Schema\Builder->create('users', Object(Closure))
#6 D:\xampp\htdocs\startup\database\migrations\2014_10_12_000000_create_users_table.php(23): Illuminate\Support\Facades\Facade::__callStatic('create', Array)
#7 D:\xampp\htdocs\startup\database\migrations\2014_10_12_000000_create_users_table.php(23): Illuminate\Support\Facades\Schema::create('users', Object(Closure))
#8 D:\xampp\htdocs\startup\vendor\laravel\framework\src\Illuminate\Database\Migrations\Migrator.php(353): CreateUsersTable->up()
#9 D:\xampp\htdocs\startup\vendor\laravel\framework\src\Illuminate\Database\Migrations\Migrator.php(359): Illuminate\Database\Migrations\Migrator->Illuminate\Database\Migrations\{closure}()
#10 D:\xampp\htdocs\startup\vendor\laravel\framework\src\Illuminate\Database\Migrations\Migrator.php(177): Illuminate\Database\Migrations\Migrator->runMigration(Object(CreateUsersTable), 'up')
#11 D:\xampp\htdocs\startup\vendor\laravel\framework\src\Illuminate\Database\Migrations\Migrator.php(146): Illuminate\Database\Migrations\Migrator->runUp('D:\\xampp\\htdocs...', 1, false)
#12 D:\xampp\htdocs\startup\vendor\laravel\framework\src\Illuminate\Database\Migrations\Migrator.php(95): Illuminate\Database\Migrations\Migrator->runPending(Array, Array)
#13 D:\xampp\htdocs\startup\vendor\laravel\framework\src\Illuminate\Database\Console\Migrations\MigrateCommand.php(70): Illuminate\Database\Migrations\Migrator->run(Array, Array)
#14 [internal function]: Illuminate\Database\Console\Migrations\MigrateCommand->fire()
#15 D:\xampp\htdocs\startup\vendor\laravel\framework\src\Illuminate\Container\BoundMethod.php(30): call_user_func_array(Array, Array)
#16 D:\xampp\htdocs\startup\vendor\laravel\framework\src\Illuminate\Container\BoundMethod.php(87): Illuminate\Container\BoundMethod::Illuminate\Container\{closure}()
#17 D:\xampp\htdocs\startup\vendor\laravel\framework\src\Illuminate\Container\BoundMethod.php(31): Illuminate\Container\BoundMethod::callBoundMethod(Object(Illuminate\Foundation\Application), Array, Object(Closure))
#18 D:\xampp\htdocs\startup\vendor\laravel\framework\src\Illuminate\Container\Container.php(539): Illuminate\Container\BoundMethod::call(Object(Illuminate\Foundation\Application), Array, Array, NULL)
#19 D:\xampp\htdocs\startup\vendor\laravel\framework\src\Illuminate\Console\Command.php(182): Illuminate\Container\Container->call(Array)
#20 D:\xampp\htdocs\startup\vendor\symfony\console\Command\Command.php(264): Illuminate\Console\Command->execute(Object(Symfony\Component\Console\Input\ArgvInput), Object(Illuminate\Console\OutputStyle))
#21 D:\xampp\htdocs\startup\vendor\laravel\framework\src\Illuminate\Console\Command.php(168): Symfony\Component\Console\Command\Command->run(Object(Symfony\Component\Console\Input\ArgvInput), Object(Illuminate\Console\OutputStyle))
#22 D:\xampp\htdocs\startup\vendor\symfony\console\Application.php(869): Illuminate\Console\Command->run(Object(Symfony\Component\Console\Input\ArgvInput), Object(Symfony\Component\Console\Output\ConsoleOutput))
#23 D:\xampp\htdocs\startup\vendor\symfony\console\Application.php(223): Symfony\Component\Console\Application->doRunCommand(Object(Illuminate\Database\Console\Migrations\MigrateCommand), Object(Symfony\Component\Console\Input\ArgvInput), Object(Symfony\Component\Console\Output\ConsoleOutput))
#24 D:\xampp\htdocs\startup\vendor\symfony\console\Application.php(130): Symfony\Component\Console\Application->doRun(Object(Symfony\Component\Console\Input\ArgvInput), Object(Symfony\Component\Console\Output\ConsoleOutput))
#25 D:\xampp\htdocs\startup\vendor\laravel\framework\src\Illuminate\Foundation\Console\Kernel.php(122): Symfony\Component\Console\Application->run(Object(Symfony\Component\Console\Input\ArgvInput), Object(Symfony\Component\Console\Output\ConsoleOutput))
#26 D:\xampp\htdocs\startup\artisan(36): Illuminate\Foundation\Console\Kernel->handle(Object(Symfony\Component\Console\Input\ArgvInput), Object(Symfony\Component\Console\Output\ConsoleOutput))
#27 {main}  
[2017-06-03 18:36:39] local.ERROR: exception 'PDOException' with message 'SQLSTATE[42000]: Syntax error or access violation: 1253 COLLATION 'utf8mb4_unicode_ci' is not valid for CHARACTER SET 'utf8'' in D:\xampp\htdocs\startup\vendor\laravel\framework\src\Illuminate\Database\Connectors\MySqlConnector.php:57
Stack trace:
#0 D:\xampp\htdocs\startup\vendor\laravel\framework\src\Illuminate\Database\Connectors\MySqlConnector.php(57): PDO->prepare('set names 'utf8...')
#1 D:\xampp\htdocs\startup\vendor\laravel\framework\src\Illuminate\Database\Connectors\MySqlConnector.php(30): Illuminate\Database\Connectors\MySqlConnector->configureEncoding(Object(PDO), Array)
#2 D:\xampp\htdocs\startup\vendor\laravel\framework\src\Illuminate\Database\Connectors\ConnectionFactory.php(183): Illuminate\Database\Connectors\MySqlConnector->connect(Array)
#3 [internal function]: Illuminate\Database\Connectors\ConnectionFactory->Illuminate\Database\Connectors\{closure}()
#4 D:\xampp\htdocs\startup\vendor\laravel\framework\src\Illuminate\Database\Connection.php(882): call_user_func(Object(Closure))
#5 D:\xampp\htdocs\startup\vendor\laravel\framework\src\Illuminate\Database\Connection.php(903): Illuminate\Database\Connection->getPdo()
#6 D:\xampp\htdocs\startup\vendor\laravel\framework\src\Illuminate\Database\Connection.php(392): Illuminate\Database\Connection->getReadPdo()
#7 D:\xampp\htdocs\startup\vendor\laravel\framework\src\Illuminate\Database\Connection.php(318): Illuminate\Database\Connection->getPdoForSelect(true)
#8 D:\xampp\htdocs\startup\vendor\laravel\framework\src\Illuminate\Database\Connection.php(640): Illuminate\Database\Connection->Illuminate\Database\{closure}('select * from i...', Array)
#9 D:\xampp\htdocs\startup\vendor\laravel\framework\src\Illuminate\Database\Connection.php(607): Illuminate\Database\Connection->runQueryCallback('select * from i...', Array, Object(Closure))
#10 D:\xampp\htdocs\startup\vendor\laravel\framework\src\Illuminate\Database\Connection.php(326): Illuminate\Database\Connection->run('select * from i...', Array, Object(Closure))
#11 D:\xampp\htdocs\startup\vendor\laravel\framework\src\Illuminate\Database\Schema\MySqlBuilder.php(19): Illuminate\Database\Connection->select('select * from i...', Array)
#12 D:\xampp\htdocs\startup\vendor\laravel\framework\src\Illuminate\Database\Migrations\DatabaseMigrationRepository.php(154): Illuminate\Database\Schema\MySqlBuilder->hasTable('migrations')
#13 D:\xampp\htdocs\startup\vendor\laravel\framework\src\Illuminate\Database\Migrations\Migrator.php(538): Illuminate\Database\Migrations\DatabaseMigrationRepository->repositoryExists()
#14 D:\xampp\htdocs\startup\vendor\laravel\framework\src\Illuminate\Database\Console\Migrations\MigrateCommand.php(96): Illuminate\Database\Migrations\Migrator->repositoryExists()
#15 D:\xampp\htdocs\startup\vendor\laravel\framework\src\Illuminate\Database\Console\Migrations\MigrateCommand.php(62): Illuminate\Database\Console\Migrations\MigrateCommand->prepareDatabase()
#16 [internal function]: Illuminate\Database\Console\Migrations\MigrateCommand->fire()
#17 D:\xampp\htdocs\startup\vendor\laravel\framework\src\Illuminate\Container\BoundMethod.php(30): call_user_func_array(Array, Array)
#18 D:\xampp\htdocs\startup\vendor\laravel\framework\src\Illuminate\Container\BoundMethod.php(87): Illuminate\Container\BoundMethod::Illuminate\Container\{closure}()
#19 D:\xampp\htdocs\startup\vendor\laravel\framework\src\Illuminate\Container\BoundMethod.php(31): Illuminate\Container\BoundMethod::callBoundMethod(Object(Illuminate\Foundation\Application), Array, Object(Closure))
#20 D:\xampp\htdocs\startup\vendor\laravel\framework\src\Illuminate\Container\Container.php(539): Illuminate\Container\BoundMethod::call(Object(Illuminate\Foundation\Application), Array, Array, NULL)
#21 D:\xampp\htdocs\startup\vendor\laravel\framework\src\Illuminate\Console\Command.php(182): Illuminate\Container\Container->call(Array)
#22 D:\xampp\htdocs\startup\vendor\symfony\console\Command\Command.php(264): Illuminate\Console\Command->execute(Object(Symfony\Component\Console\Input\ArgvInput), Object(Illuminate\Console\OutputStyle))
#23 D:\xampp\htdocs\startup\vendor\laravel\framework\src\Illuminate\Console\Command.php(168): Symfony\Component\Console\Command\Command->run(Object(Symfony\Component\Console\Input\ArgvInput), Object(Illuminate\Console\OutputStyle))
#24 D:\xampp\htdocs\startup\vendor\symfony\console\Application.php(869): Illuminate\Console\Command->run(Object(Symfony\Component\Console\Input\ArgvInput), Object(Symfony\Component\Console\Output\ConsoleOutput))
#25 D:\xampp\htdocs\startup\vendor\symfony\console\Application.php(223): Symfony\Component\Console\Application->doRunCommand(Object(Illuminate\Database\Console\Migrations\MigrateCommand), Object(Symfony\Component\Console\Input\ArgvInput), Object(Symfony\Component\Console\Output\ConsoleOutput))
#26 D:\xampp\htdocs\startup\vendor\symfony\console\Application.php(130): Symfony\Component\Console\Application->doRun(Object(Symfony\Component\Console\Input\ArgvInput), Object(Symfony\Component\Console\Output\ConsoleOutput))
#27 D:\xampp\htdocs\startup\vendor\laravel\framework\src\Illuminate\Foundation\Console\Kernel.php(122): Symfony\Component\Console\Application->run(Object(Symfony\Component\Console\Input\ArgvInput), Object(Symfony\Component\Console\Output\ConsoleOutput))
#28 D:\xampp\htdocs\startup\artisan(36): Illuminate\Foundation\Console\Kernel->handle(Object(Symfony\Component\Console\Input\ArgvInput), Object(Symfony\Component\Console\Output\ConsoleOutput))
#29 {main}  
[2017-06-03 18:36:39] local.ERROR: exception 'PDOException' with message 'SQLSTATE[42000]: Syntax error or access violation: 1253 COLLATION 'utf8mb4_unicode_ci' is not valid for CHARACTER SET 'utf8'' in D:\xampp\htdocs\startup\vendor\laravel\framework\src\Illuminate\Database\Connectors\MySqlConnector.php:57
Stack trace:
#0 D:\xampp\htdocs\startup\vendor\laravel\framework\src\Illuminate\Database\Connectors\MySqlConnector.php(57): PDO->prepare('set names 'utf8...')
#1 D:\xampp\htdocs\startup\vendor\laravel\framework\src\Illuminate\Database\Connectors\MySqlConnector.php(30): Illuminate\Database\Connectors\MySqlConnector->configureEncoding(Object(PDO), Array)
#2 D:\xampp\htdocs\startup\vendor\laravel\framework\src\Illuminate\Database\Connectors\ConnectionFactory.php(183): Illuminate\Database\Connectors\MySqlConnector->connect(Array)
#3 [internal function]: Illuminate\Database\Connectors\ConnectionFactory->Illuminate\Database\Connectors\{closure}()
#4 D:\xampp\htdocs\startup\vendor\laravel\framework\src\Illuminate\Database\Connection.php(882): call_user_func(Object(Closure))
#5 D:\xampp\htdocs\startup\vendor\laravel\framework\src\Illuminate\Database\Connection.php(903): Illuminate\Database\Connection->getPdo()
#6 D:\xampp\htdocs\startup\vendor\laravel\framework\src\Illuminate\Database\Connection.php(392): Illuminate\Database\Connection->getReadPdo()
#7 D:\xampp\htdocs\startup\vendor\laravel\framework\src\Illuminate\Database\Connection.php(318): Illuminate\Database\Connection->getPdoForSelect(true)
#8 D:\xampp\htdocs\startup\vendor\laravel\framework\src\Illuminate\Database\Connection.php(640): Illuminate\Database\Connection->Illuminate\Database\{closure}('select * from i...', Array)
#9 D:\xampp\htdocs\startup\vendor\laravel\framework\src\Illuminate\Database\Connection.php(607): Illuminate\Database\Connection->runQueryCallback('select * from i...', Array, Object(Closure))
#10 D:\xampp\htdocs\startup\vendor\laravel\framework\src\Illuminate\Database\Connection.php(326): Illuminate\Database\Connection->run('select * from i...', Array, Object(Closure))
#11 D:\xampp\htdocs\startup\vendor\laravel\framework\src\Illuminate\Database\Schema\MySqlBuilder.php(19): Illuminate\Database\Connection->select('select * from i...', Array)
#12 D:\xampp\htdocs\startup\vendor\laravel\framework\src\Illuminate\Database\Migrations\DatabaseMigrationRepository.php(154): Illuminate\Database\Schema\MySqlBuilder->hasTable('migrations')
#13 D:\xampp\htdocs\startup\vendor\laravel\framework\src\Illuminate\Database\Migrations\Migrator.php(538): Illuminate\Database\Migrations\DatabaseMigrationRepository->repositoryExists()
#14 D:\xampp\htdocs\startup\vendor\laravel\framework\src\Illuminate\Database\Console\Migrations\MigrateCommand.php(96): Illuminate\Database\Migrations\Migrator->repositoryExists()
#15 D:\xampp\htdocs\startup\vendor\laravel\framework\src\Illuminate\Database\Console\Migrations\MigrateCommand.php(62): Illuminate\Database\Console\Migrations\MigrateCommand->prepareDatabase()
#16 [internal function]: Illuminate\Database\Console\Migrations\MigrateCommand->fire()
#17 D:\xampp\htdocs\startup\vendor\laravel\framework\src\Illuminate\Container\BoundMethod.php(30): call_user_func_array(Array, Array)
#18 D:\xampp\htdocs\startup\vendor\laravel\framework\src\Illuminate\Container\BoundMethod.php(87): Illuminate\Container\BoundMethod::Illuminate\Container\{closure}()
#19 D:\xampp\htdocs\startup\vendor\laravel\framework\src\Illuminate\Container\BoundMethod.php(31): Illuminate\Container\BoundMethod::callBoundMethod(Object(Illuminate\Foundation\Application), Array, Object(Closure))
#20 D:\xampp\htdocs\startup\vendor\laravel\framework\src\Illuminate\Container\Container.php(539): Illuminate\Container\BoundMethod::call(Object(Illuminate\Foundation\Application), Array, Array, NULL)
#21 D:\xampp\htdocs\startup\vendor\laravel\framework\src\Illuminate\Console\Command.php(182): Illuminate\Container\Container->call(Array)
#22 D:\xampp\htdocs\startup\vendor\symfony\console\Command\Command.php(264): Illuminate\Console\Command->execute(Object(Symfony\Component\Console\Input\ArgvInput), Object(Illuminate\Console\OutputStyle))
#23 D:\xampp\htdocs\startup\vendor\laravel\framework\src\Illuminate\Console\Command.php(168): Symfony\Component\Console\Command\Command->run(Object(Symfony\Component\Console\Input\ArgvInput), Object(Illuminate\Console\OutputStyle))
#24 D:\xampp\htdocs\startup\vendor\symfony\console\Application.php(869): Illuminate\Console\Command->run(Object(Symfony\Component\Console\Input\ArgvInput), Object(Symfony\Component\Console\Output\ConsoleOutput))
#25 D:\xampp\htdocs\startup\vendor\symfony\console\Application.php(223): Symfony\Component\Console\Application->doRunCommand(Object(Illuminate\Database\Console\Migrations\MigrateCommand), Object(Symfony\Component\Console\Input\ArgvInput), Object(Symfony\Component\Console\Output\ConsoleOutput))
#26 D:\xampp\htdocs\startup\vendor\symfony\console\Application.php(130): Symfony\Component\Console\Application->doRun(Object(Symfony\Component\Console\Input\ArgvInput), Object(Symfony\Component\Console\Output\ConsoleOutput))
#27 D:\xampp\htdocs\startup\vendor\laravel\framework\src\Illuminate\Foundation\Console\Kernel.php(122): Symfony\Component\Console\Application->run(Object(Symfony\Component\Console\Input\ArgvInput), Object(Symfony\Component\Console\Output\ConsoleOutput))
#28 D:\xampp\htdocs\startup\artisan(36): Illuminate\Foundation\Console\Kernel->handle(Object(Symfony\Component\Console\Input\ArgvInput), Object(Symfony\Component\Console\Output\ConsoleOutput))
#29 {main}

Next exception 'Illuminate\Database\QueryException' with message 'SQLSTATE[42000]: Syntax error or access violation: 1253 COLLATION 'utf8mb4_unicode_ci' is not valid for CHARACTER SET 'utf8' (SQL: select * from information_schema.tables where table_schema = startup and table_name = migrations)' in D:\xampp\htdocs\startup\vendor\laravel\framework\src\Illuminate\Database\Connection.php:647
Stack trace:
#0 D:\xampp\htdocs\startup\vendor\laravel\framework\src\Illuminate\Database\Connection.php(607): Illuminate\Database\Connection->runQueryCallback('select * from i...', Array, Object(Closure))
#1 D:\xampp\htdocs\startup\vendor\laravel\framework\src\Illuminate\Database\Connection.php(326): Illuminate\Database\Connection->run('select * from i...', Array, Object(Closure))
#2 D:\xampp\htdocs\startup\vendor\laravel\framework\src\Illuminate\Database\Schema\MySqlBuilder.php(19): Illuminate\Database\Connection->select('select * from i...', Array)
#3 D:\xampp\htdocs\startup\vendor\laravel\framework\src\Illuminate\Database\Migrations\DatabaseMigrationRepository.php(154): Illuminate\Database\Schema\MySqlBuilder->hasTable('migrations')
#4 D:\xampp\htdocs\startup\vendor\laravel\framework\src\Illuminate\Database\Migrations\Migrator.php(538): Illuminate\Database\Migrations\DatabaseMigrationRepository->repositoryExists()
#5 D:\xampp\htdocs\startup\vendor\laravel\framework\src\Illuminate\Database\Console\Migrations\MigrateCommand.php(96): Illuminate\Database\Migrations\Migrator->repositoryExists()
#6 D:\xampp\htdocs\startup\vendor\laravel\framework\src\Illuminate\Database\Console\Migrations\MigrateCommand.php(62): Illuminate\Database\Console\Migrations\MigrateCommand->prepareDatabase()
#7 [internal function]: Illuminate\Database\Console\Migrations\MigrateCommand->fire()
#8 D:\xampp\htdocs\startup\vendor\laravel\framework\src\Illuminate\Container\BoundMethod.php(30): call_user_func_array(Array, Array)
#9 D:\xampp\htdocs\startup\vendor\laravel\framework\src\Illuminate\Container\BoundMethod.php(87): Illuminate\Container\BoundMethod::Illuminate\Container\{closure}()
#10 D:\xampp\htdocs\startup\vendor\laravel\framework\src\Illuminate\Container\BoundMethod.php(31): Illuminate\Container\BoundMethod::callBoundMethod(Object(Illuminate\Foundation\Application), Array, Object(Closure))
#11 D:\xampp\htdocs\startup\vendor\laravel\framework\src\Illuminate\Container\Container.php(539): Illuminate\Container\BoundMethod::call(Object(Illuminate\Foundation\Application), Array, Array, NULL)
#12 D:\xampp\htdocs\startup\vendor\laravel\framework\src\Illuminate\Console\Command.php(182): Illuminate\Container\Container->call(Array)
#13 D:\xampp\htdocs\startup\vendor\symfony\console\Command\Command.php(264): Illuminate\Console\Command->execute(Object(Symfony\Component\Console\Input\ArgvInput), Object(Illuminate\Console\OutputStyle))
#14 D:\xampp\htdocs\startup\vendor\laravel\framework\src\Illuminate\Console\Command.php(168): Symfony\Component\Console\Command\Command->run(Object(Symfony\Component\Console\Input\ArgvInput), Object(Illuminate\Console\OutputStyle))
#15 D:\xampp\htdocs\startup\vendor\symfony\console\Application.php(869): Illuminate\Console\Command->run(Object(Symfony\Component\Console\Input\ArgvInput), Object(Symfony\Component\Console\Output\ConsoleOutput))
#16 D:\xampp\htdocs\startup\vendor\symfony\console\Application.php(223): Symfony\Component\Console\Application->doRunCommand(Object(Illuminate\Database\Console\Migrations\MigrateCommand), Object(Symfony\Component\Console\Input\ArgvInput), Object(Symfony\Component\Console\Output\ConsoleOutput))
#17 D:\xampp\htdocs\startup\vendor\symfony\console\Application.php(130): Symfony\Component\Console\Application->doRun(Object(Symfony\Component\Console\Input\ArgvInput), Object(Symfony\Component\Console\Output\ConsoleOutput))
#18 D:\xampp\htdocs\startup\vendor\laravel\framework\src\Illuminate\Foundation\Console\Kernel.php(122): Symfony\Component\Console\Application->run(Object(Symfony\Component\Console\Input\ArgvInput), Object(Symfony\Component\Console\Output\ConsoleOutput))
#19 D:\xampp\htdocs\startup\artisan(36): Illuminate\Foundation\Console\Kernel->handle(Object(Symfony\Component\Console\Input\ArgvInput), Object(Symfony\Component\Console\Output\ConsoleOutput))
#20 {main}  
